nohup: ignoring input
(node:32446) TimeoutNegativeWarning: -1762870901300 is a negative number.
Timeout duration was set to 1.
(Use `node --trace-warnings ...` to show where the warning was created)
{"level":"INFO","timestamp":"2025-11-11T14:21:41.325Z","logger":"kafkajs","message":"[Consumer] Starting","groupId":"trade-group"}
{"level":"ERROR","timestamp":"2025-11-11T14:21:41.352Z","logger":"kafkajs","message":"[Connection] Response GroupCoordinator(key: 10, version: 2)","broker":"localhost:9092","clientId":"binance-consumer","error":"The group coordinator is not available","correlationId":2,"size":55}
{"level":"ERROR","timestamp":"2025-11-11T14:21:41.687Z","logger":"kafkajs","message":"[Connection] Response GroupCoordinator(key: 10, version: 2)","broker":"localhost:9092","clientId":"binance-consumer","error":"The group coordinator is not available","correlationId":3,"size":55}
{"level":"INFO","timestamp":"2025-11-11T14:21:45.554Z","logger":"kafkajs","message":"[ConsumerGroup] Consumer has joined the group","groupId":"trade-group","memberId":"binance-consumer-ce81e1d9-655c-4761-9bba-90b73347dfd2","leaderId":"binance-consumer-ce81e1d9-655c-4761-9bba-90b73347dfd2","isLeader":true,"memberAssignment":{"binance-trades":[0,1,2]},"groupProtocol":"RoundRobinAssigner","duration":4227}
{"level":"ERROR","timestamp":"2025-11-11T14:21:55.643Z","logger":"kafkajs","message":"[Connection] Response Heartbeat(key: 12, version: 3)","broker":"localhost:9092","clientId":"binance-consumer","error":"The group is rebalancing, so a rejoin is needed","correlationId":12,"size":10}
{"level":"ERROR","timestamp":"2025-11-11T14:21:55.648Z","logger":"kafkajs","message":"[Connection] Response Heartbeat(key: 12, version: 3)","broker":"localhost:9092","clientId":"binance-consumer","error":"The group is rebalancing, so a rejoin is needed","correlationId":13,"size":10}
{"level":"ERROR","timestamp":"2025-11-11T14:21:55.651Z","logger":"kafkajs","message":"[Connection] Response Heartbeat(key: 12, version: 3)","broker":"localhost:9092","clientId":"binance-consumer","error":"The group is rebalancing, so a rejoin is needed","correlationId":14,"size":10}
{"level":"WARN","timestamp":"2025-11-11T14:21:55.651Z","logger":"kafkajs","message":"[Runner] The group is rebalancing, re-joining","groupId":"trade-group","memberId":"binance-consumer-ce81e1d9-655c-4761-9bba-90b73347dfd2","error":"The group is rebalancing, so a rejoin is needed"}
{"level":"INFO","timestamp":"2025-11-11T14:21:55.663Z","logger":"kafkajs","message":"[ConsumerGroup] Consumer has joined the group","groupId":"trade-group","memberId":"binance-consumer-ce81e1d9-655c-4761-9bba-90b73347dfd2","leaderId":"binance-consumer-ce81e1d9-655c-4761-9bba-90b73347dfd2","isLeader":true,"memberAssignment":{"binance-trades":[2]},"groupProtocol":"RoundRobinAssigner","duration":12}
{"level":"ERROR","timestamp":"2025-11-11T14:22:25.708Z","logger":"kafkajs","message":"[Connection] Response Heartbeat(key: 12, version: 3)","broker":"localhost:9092","clientId":"binance-consumer","error":"The group is rebalancing, so a rejoin is needed","correlationId":26,"size":10}
{"level":"WARN","timestamp":"2025-11-11T14:22:25.708Z","logger":"kafkajs","message":"[Runner] The group is rebalancing, re-joining","groupId":"trade-group","memberId":"binance-consumer-ce81e1d9-655c-4761-9bba-90b73347dfd2","error":"The group is rebalancing, so a rejoin is needed"}
{"level":"INFO","timestamp":"2025-11-11T14:22:25.720Z","logger":"kafkajs","message":"[ConsumerGroup] Consumer has joined the group","groupId":"trade-group","memberId":"binance-consumer-ce81e1d9-655c-4761-9bba-90b73347dfd2","leaderId":"binance-consumer-ce81e1d9-655c-4761-9bba-90b73347dfd2","isLeader":true,"memberAssignment":{"binance-trades":[0,1,2]},"groupProtocol":"RoundRobinAssigner","duration":12}
{"level":"ERROR","timestamp":"2025-11-11T14:23:04.155Z","logger":"kafkajs","message":"[Connection] Response Heartbeat(key: 12, version: 3)","broker":"localhost:9092","clientId":"binance-consumer","error":"The group is rebalancing, so a rejoin is needed","correlationId":40,"size":10}
{"level":"ERROR","timestamp":"2025-11-11T14:23:04.159Z","logger":"kafkajs","message":"[Connection] Response Heartbeat(key: 12, version: 3)","broker":"localhost:9092","clientId":"binance-consumer","error":"The group is rebalancing, so a rejoin is needed","correlationId":41,"size":10}
{"level":"ERROR","timestamp":"2025-11-11T14:23:04.177Z","logger":"kafkajs","message":"[Connection] Response Heartbeat(key: 12, version: 3)","broker":"localhost:9092","clientId":"binance-consumer","error":"The group is rebalancing, so a rejoin is needed","correlationId":43,"size":10}
{"level":"WARN","timestamp":"2025-11-11T14:23:04.178Z","logger":"kafkajs","message":"[Runner] The group is rebalancing, re-joining","groupId":"trade-group","memberId":"binance-consumer-ce81e1d9-655c-4761-9bba-90b73347dfd2","error":"The group is rebalancing, so a rejoin is needed"}
{"level":"INFO","timestamp":"2025-11-11T14:23:04.188Z","logger":"kafkajs","message":"[ConsumerGroup] Consumer has joined the group","groupId":"trade-group","memberId":"binance-consumer-ce81e1d9-655c-4761-9bba-90b73347dfd2","leaderId":"binance-consumer-ce81e1d9-655c-4761-9bba-90b73347dfd2","isLeader":true,"memberAssignment":{"binance-trades":[2]},"groupProtocol":"RoundRobinAssigner","duration":10}
{"level":"ERROR","timestamp":"2025-11-11T14:23:54.163Z","logger":"kafkajs","message":"[Connection] Response Heartbeat(key: 12, version: 3)","broker":"localhost:9092","clientId":"binance-consumer","error":"The group is rebalancing, so a rejoin is needed","correlationId":994,"size":10}
{"level":"WARN","timestamp":"2025-11-11T14:23:54.163Z","logger":"kafkajs","message":"[Runner] The group is rebalancing, re-joining","groupId":"trade-group","memberId":"binance-consumer-ce81e1d9-655c-4761-9bba-90b73347dfd2","error":"The group is rebalancing, so a rejoin is needed"}
{"level":"INFO","timestamp":"2025-11-11T14:24:09.250Z","logger":"kafkajs","message":"[ConsumerGroup] Consumer has joined the group","groupId":"trade-group","memberId":"binance-consumer-ce81e1d9-655c-4761-9bba-90b73347dfd2","leaderId":"binance-consumer-ce81e1d9-655c-4761-9bba-90b73347dfd2","isLeader":true,"memberAssignment":{"binance-trades":[0,1]},"groupProtocol":"RoundRobinAssigner","duration":15087}
{"level":"ERROR","timestamp":"2025-11-11T14:24:41.289Z","logger":"kafkajs","message":"[Connection] Response Heartbeat(key: 12, version: 3)","broker":"localhost:9092","clientId":"binance-consumer","error":"The group is rebalancing, so a rejoin is needed","correlationId":1064,"size":10}
{"level":"ERROR","timestamp":"2025-11-11T14:24:41.290Z","logger":"kafkajs","message":"[Connection] Response Heartbeat(key: 12, version: 3)","broker":"localhost:9092","clientId":"binance-consumer","error":"The group is rebalancing, so a rejoin is needed","correlationId":1065,"size":10}
{"level":"WARN","timestamp":"2025-11-11T14:24:41.290Z","logger":"kafkajs","message":"[Runner] The group is rebalancing, re-joining","groupId":"trade-group","memberId":"binance-consumer-ce81e1d9-655c-4761-9bba-90b73347dfd2","error":"The group is rebalancing, so a rejoin is needed"}
{"level":"INFO","timestamp":"2025-11-11T14:24:41.295Z","logger":"kafkajs","message":"[ConsumerGroup] Consumer has joined the group","groupId":"trade-group","memberId":"binance-consumer-ce81e1d9-655c-4761-9bba-90b73347dfd2","leaderId":"binance-consumer-ce81e1d9-655c-4761-9bba-90b73347dfd2","isLeader":true,"memberAssignment":{"binance-trades":[0,1,2]},"groupProtocol":"RoundRobinAssigner","duration":5}
{"level":"ERROR","timestamp":"2025-11-11T15:58:57.947Z","logger":"kafkajs","message":"[Connection] Response Heartbeat(key: 12, version: 3)","broker":"localhost:9092","clientId":"binance-consumer","error":"The coordinator is not aware of this member","correlationId":1102,"size":10}
{"level":"ERROR","timestamp":"2025-11-11T15:58:57.949Z","logger":"kafkajs","message":"[Connection] Response Heartbeat(key: 12, version: 3)","broker":"localhost:9092","clientId":"binance-consumer","error":"The coordinator is not aware of this member","correlationId":1103,"size":10}
{"level":"ERROR","timestamp":"2025-11-11T15:58:57.951Z","logger":"kafkajs","message":"[Connection] Response Heartbeat(key: 12, version: 3)","broker":"localhost:9092","clientId":"binance-consumer","error":"The coordinator is not aware of this member","correlationId":1104,"size":10}
{"level":"ERROR","timestamp":"2025-11-11T15:58:57.951Z","logger":"kafkajs","message":"[Runner] The coordinator is not aware of this member, re-joining the group","groupId":"trade-group","memberId":"binance-consumer-ce81e1d9-655c-4761-9bba-90b73347dfd2","error":"The coordinator is not aware of this member"}
{"level":"INFO","timestamp":"2025-11-11T15:59:00.967Z","logger":"kafkajs","message":"[ConsumerGroup] Consumer has joined the group","groupId":"trade-group","memberId":"binance-consumer-dfe872ef-25a6-4b91-9ab9-1aedbb02bba5","leaderId":"binance-consumer-dfe872ef-25a6-4b91-9ab9-1aedbb02bba5","isLeader":true,"memberAssignment":{"binance-trades":[0,1,2]},"groupProtocol":"RoundRobinAssigner","duration":3015}
{"level":"WARN","timestamp":"2025-11-11T16:05:59.495Z","logger":"kafkajs","message":"[RequestQueue] Response without match","clientId":"binance-consumer","broker":"localhost:9092","correlationId":1040}
{"level":"ERROR","timestamp":"2025-11-11T16:06:04.749Z","logger":"kafkajs","message":"[Connection] Response Heartbeat(key: 12, version: 3)","broker":"localhost:9092","clientId":"binance-consumer","error":"The coordinator is not aware of this member","correlationId":1128,"size":10}
{"level":"ERROR","timestamp":"2025-11-11T16:06:04.751Z","logger":"kafkajs","message":"[Connection] Response Heartbeat(key: 12, version: 3)","broker":"localhost:9092","clientId":"binance-consumer","error":"The coordinator is not aware of this member","correlationId":1129,"size":10}
{"level":"ERROR","timestamp":"2025-11-11T16:06:04.753Z","logger":"kafkajs","message":"[Connection] Response Heartbeat(key: 12, version: 3)","broker":"localhost:9092","clientId":"binance-consumer","error":"The coordinator is not aware of this member","correlationId":1130,"size":10}
{"level":"ERROR","timestamp":"2025-11-11T16:06:04.753Z","logger":"kafkajs","message":"[Runner] The coordinator is not aware of this member, re-joining the group","groupId":"trade-group","memberId":"binance-consumer-dfe872ef-25a6-4b91-9ab9-1aedbb02bba5","error":"The coordinator is not aware of this member"}
{"level":"INFO","timestamp":"2025-11-11T16:06:07.765Z","logger":"kafkajs","message":"[ConsumerGroup] Consumer has joined the group","groupId":"trade-group","memberId":"binance-consumer-3437e552-5049-4ca1-968b-879663fa6a28","leaderId":"binance-consumer-3437e552-5049-4ca1-968b-879663fa6a28","isLeader":true,"memberAssignment":{"binance-trades":[0,1,2]},"groupProtocol":"RoundRobinAssigner","duration":3012}
{"level":"WARN","timestamp":"2025-11-11T16:13:04.582Z","logger":"kafkajs","message":"[RequestQueue] Response without match","clientId":"binance-consumer","broker":"localhost:9092","correlationId":1046}
{"level":"ERROR","timestamp":"2025-11-11T16:13:09.802Z","logger":"kafkajs","message":"[Connection] Response Heartbeat(key: 12, version: 3)","broker":"localhost:9092","clientId":"binance-consumer","error":"The coordinator is not aware of this member","correlationId":1142,"size":10}
{"level":"ERROR","timestamp":"2025-11-11T16:13:09.804Z","logger":"kafkajs","message":"[Connection] Response Heartbeat(key: 12, version: 3)","broker":"localhost:9092","clientId":"binance-consumer","error":"The coordinator is not aware of this member","correlationId":1143,"size":10}
{"level":"ERROR","timestamp":"2025-11-11T16:13:09.805Z","logger":"kafkajs","message":"[Connection] Response Heartbeat(key: 12, version: 3)","broker":"localhost:9092","clientId":"binance-consumer","error":"The coordinator is not aware of this member","correlationId":1144,"size":10}
{"level":"ERROR","timestamp":"2025-11-11T16:13:09.805Z","logger":"kafkajs","message":"[Runner] The coordinator is not aware of this member, re-joining the group","groupId":"trade-group","memberId":"binance-consumer-3437e552-5049-4ca1-968b-879663fa6a28","error":"The coordinator is not aware of this member"}
{"level":"INFO","timestamp":"2025-11-11T16:13:12.818Z","logger":"kafkajs","message":"[ConsumerGroup] Consumer has joined the group","groupId":"trade-group","memberId":"binance-consumer-7a120210-444e-493c-8e0a-0d936c19d59f","leaderId":"binance-consumer-7a120210-444e-493c-8e0a-0d936c19d59f","isLeader":true,"memberAssignment":{"binance-trades":[0,1,2]},"groupProtocol":"RoundRobinAssigner","duration":3013}
{"level":"WARN","timestamp":"2025-11-11T16:18:10.552Z","logger":"kafkajs","message":"[RequestQueue] Response without match","clientId":"binance-consumer","broker":"localhost:9092","correlationId":1058}
{"level":"ERROR","timestamp":"2025-11-11T16:18:15.860Z","logger":"kafkajs","message":"[Connection] Response Heartbeat(key: 12, version: 3)","broker":"localhost:9092","clientId":"binance-consumer","error":"The coordinator is not aware of this member","correlationId":1161,"size":10}
{"level":"ERROR","timestamp":"2025-11-11T16:18:15.862Z","logger":"kafkajs","message":"[Connection] Response Heartbeat(key: 12, version: 3)","broker":"localhost:9092","clientId":"binance-consumer","error":"The coordinator is not aware of this member","correlationId":1162,"size":10}
{"level":"ERROR","timestamp":"2025-11-11T16:18:15.864Z","logger":"kafkajs","message":"[Connection] Response Heartbeat(key: 12, version: 3)","broker":"localhost:9092","clientId":"binance-consumer","error":"The coordinator is not aware of this member","correlationId":1163,"size":10}
{"level":"ERROR","timestamp":"2025-11-11T16:18:15.864Z","logger":"kafkajs","message":"[Runner] The coordinator is not aware of this member, re-joining the group","groupId":"trade-group","memberId":"binance-consumer-7a120210-444e-493c-8e0a-0d936c19d59f","error":"The coordinator is not aware of this member"}
{"level":"INFO","timestamp":"2025-11-11T16:18:18.878Z","logger":"kafkajs","message":"[ConsumerGroup] Consumer has joined the group","groupId":"trade-group","memberId":"binance-consumer-a991e686-4cc0-4a59-86dd-2cc654854d5e","leaderId":"binance-consumer-a991e686-4cc0-4a59-86dd-2cc654854d5e","isLeader":true,"memberAssignment":{"binance-trades":[0,1,2]},"groupProtocol":"RoundRobinAssigner","duration":3014}
{"level":"WARN","timestamp":"2025-11-11T16:23:08.487Z","logger":"kafkajs","message":"[RequestQueue] Response without match","clientId":"binance-consumer","broker":"localhost:9092","correlationId":1064}
{"level":"ERROR","timestamp":"2025-11-11T16:23:13.758Z","logger":"kafkajs","message":"[Connection] Response Heartbeat(key: 12, version: 3)","broker":"localhost:9092","clientId":"binance-consumer","error":"The coordinator is not aware of this member","correlationId":1174,"size":10}
{"level":"ERROR","timestamp":"2025-11-11T16:23:13.760Z","logger":"kafkajs","message":"[Connection] Response Heartbeat(key: 12, version: 3)","broker":"localhost:9092","clientId":"binance-consumer","error":"The coordinator is not aware of this member","correlationId":1175,"size":10}
{"level":"ERROR","timestamp":"2025-11-11T16:23:13.761Z","logger":"kafkajs","message":"[Connection] Response Heartbeat(key: 12, version: 3)","broker":"localhost:9092","clientId":"binance-consumer","error":"The coordinator is not aware of this member","correlationId":1176,"size":10}
{"level":"ERROR","timestamp":"2025-11-11T16:23:13.761Z","logger":"kafkajs","message":"[Runner] The coordinator is not aware of this member, re-joining the group","groupId":"trade-group","memberId":"binance-consumer-a991e686-4cc0-4a59-86dd-2cc654854d5e","error":"The coordinator is not aware of this member"}
{"level":"INFO","timestamp":"2025-11-11T16:23:16.775Z","logger":"kafkajs","message":"[ConsumerGroup] Consumer has joined the group","groupId":"trade-group","memberId":"binance-consumer-7a195dde-8b2e-4fd1-b48a-dd8aecf447d2","leaderId":"binance-consumer-7a195dde-8b2e-4fd1-b48a-dd8aecf447d2","isLeader":true,"memberAssignment":{"binance-trades":[0,1,2]},"groupProtocol":"RoundRobinAssigner","duration":3014}
{"level":"WARN","timestamp":"2025-11-11T16:42:22.550Z","logger":"kafkajs","message":"[RequestQueue] Response without match","clientId":"binance-consumer","broker":"localhost:9092","correlationId":1070}
{"level":"ERROR","timestamp":"2025-11-11T16:42:27.836Z","logger":"kafkajs","message":"[Connection] Response Heartbeat(key: 12, version: 3)","broker":"localhost:9092","clientId":"binance-consumer","error":"The coordinator is not aware of this member","correlationId":1188,"size":10}
{"level":"ERROR","timestamp":"2025-11-11T16:42:27.837Z","logger":"kafkajs","message":"[Connection] Response Heartbeat(key: 12, version: 3)","broker":"localhost:9092","clientId":"binance-consumer","error":"The coordinator is not aware of this member","correlationId":1189,"size":10}
{"level":"ERROR","timestamp":"2025-11-11T16:42:27.839Z","logger":"kafkajs","message":"[Connection] Response Heartbeat(key: 12, version: 3)","broker":"localhost:9092","clientId":"binance-consumer","error":"The coordinator is not aware of this member","correlationId":1190,"size":10}
{"level":"ERROR","timestamp":"2025-11-11T16:42:27.839Z","logger":"kafkajs","message":"[Runner] The coordinator is not aware of this member, re-joining the group","groupId":"trade-group","memberId":"binance-consumer-7a195dde-8b2e-4fd1-b48a-dd8aecf447d2","error":"The coordinator is not aware of this member"}
{"level":"INFO","timestamp":"2025-11-11T16:42:30.849Z","logger":"kafkajs","message":"[ConsumerGroup] Consumer has joined the group","groupId":"trade-group","memberId":"binance-consumer-47ca5b35-d10a-4b7c-8596-085926c54696","leaderId":"binance-consumer-47ca5b35-d10a-4b7c-8596-085926c54696","isLeader":true,"memberAssignment":{"binance-trades":[0,1,2]},"groupProtocol":"RoundRobinAssigner","duration":3010}
{"level":"WARN","timestamp":"2025-11-11T16:43:44.465Z","logger":"kafkajs","message":"[RequestQueue] Response without match","clientId":"binance-consumer","broker":"localhost:9092","correlationId":1076}
{"level":"ERROR","timestamp":"2025-11-11T16:43:49.802Z","logger":"kafkajs","message":"[Connection] Response Heartbeat(key: 12, version: 3)","broker":"localhost:9092","clientId":"binance-consumer","error":"The coordinator is not aware of this member","correlationId":1201,"size":10}
{"level":"ERROR","timestamp":"2025-11-11T16:43:49.804Z","logger":"kafkajs","message":"[Connection] Response Heartbeat(key: 12, version: 3)","broker":"localhost:9092","clientId":"binance-consumer","error":"The coordinator is not aware of this member","correlationId":1202,"size":10}
{"level":"ERROR","timestamp":"2025-11-11T16:43:49.806Z","logger":"kafkajs","message":"[Connection] Response Heartbeat(key: 12, version: 3)","broker":"localhost:9092","clientId":"binance-consumer","error":"The coordinator is not aware of this member","correlationId":1203,"size":10}
{"level":"ERROR","timestamp":"2025-11-11T16:43:49.806Z","logger":"kafkajs","message":"[Runner] The coordinator is not aware of this member, re-joining the group","groupId":"trade-group","memberId":"binance-consumer-47ca5b35-d10a-4b7c-8596-085926c54696","error":"The coordinator is not aware of this member"}
{"level":"INFO","timestamp":"2025-11-11T16:43:52.819Z","logger":"kafkajs","message":"[ConsumerGroup] Consumer has joined the group","groupId":"trade-group","memberId":"binance-consumer-4125d555-a2cc-4828-8e73-acfe3e887e2b","leaderId":"binance-consumer-4125d555-a2cc-4828-8e73-acfe3e887e2b","isLeader":true,"memberAssignment":{"binance-trades":[0,1,2]},"groupProtocol":"RoundRobinAssigner","duration":3013}
{"level":"ERROR","timestamp":"2025-11-11T17:50:31.802Z","logger":"kafkajs","message":"[Connection] Response Heartbeat(key: 12, version: 3)","broker":"localhost:9092","clientId":"binance-consumer","error":"The coordinator is not aware of this member","correlationId":1812,"size":10}
{"level":"ERROR","timestamp":"2025-11-11T17:50:31.804Z","logger":"kafkajs","message":"[Connection] Response Heartbeat(key: 12, version: 3)","broker":"localhost:9092","clientId":"binance-consumer","error":"The coordinator is not aware of this member","correlationId":1813,"size":10}
{"level":"ERROR","timestamp":"2025-11-11T17:50:31.806Z","logger":"kafkajs","message":"[Connection] Response Heartbeat(key: 12, version: 3)","broker":"localhost:9092","clientId":"binance-consumer","error":"The coordinator is not aware of this member","correlationId":1814,"size":10}
{"level":"ERROR","timestamp":"2025-11-11T17:50:31.806Z","logger":"kafkajs","message":"[Runner] The coordinator is not aware of this member, re-joining the group","groupId":"trade-group","memberId":"binance-consumer-4125d555-a2cc-4828-8e73-acfe3e887e2b","error":"The coordinator is not aware of this member"}
{"level":"INFO","timestamp":"2025-11-11T17:50:34.817Z","logger":"kafkajs","message":"[ConsumerGroup] Consumer has joined the group","groupId":"trade-group","memberId":"binance-consumer-63d5e309-87ac-4580-a427-9d25045de5cb","leaderId":"binance-consumer-63d5e309-87ac-4580-a427-9d25045de5cb","isLeader":true,"memberAssignment":{"binance-trades":[0,1,2]},"groupProtocol":"RoundRobinAssigner","duration":3011}
{"level":"ERROR","timestamp":"2025-11-11T18:33:51.163Z","logger":"kafkajs","message":"[Connection] Response Heartbeat(key: 12, version: 3)","broker":"localhost:9092","clientId":"binance-consumer","error":"The group is rebalancing, so a rejoin is needed","correlationId":2347,"size":10}
{"level":"ERROR","timestamp":"2025-11-11T18:33:51.165Z","logger":"kafkajs","message":"[Connection] Response Heartbeat(key: 12, version: 3)","broker":"localhost:9092","clientId":"binance-consumer","error":"The group is rebalancing, so a rejoin is needed","correlationId":2348,"size":10}
{"level":"ERROR","timestamp":"2025-11-11T18:33:51.167Z","logger":"kafkajs","message":"[Connection] Response Heartbeat(key: 12, version: 3)","broker":"localhost:9092","clientId":"binance-consumer","error":"The group is rebalancing, so a rejoin is needed","correlationId":2349,"size":10}
{"level":"WARN","timestamp":"2025-11-11T18:33:51.169Z","logger":"kafkajs","message":"[Runner] The group is rebalancing, re-joining","groupId":"trade-group","memberId":"binance-consumer-63d5e309-87ac-4580-a427-9d25045de5cb","error":"The group is rebalancing, so a rejoin is needed"}
{"level":"INFO","timestamp":"2025-11-11T18:33:51.183Z","logger":"kafkajs","message":"[ConsumerGroup] Consumer has joined the group","groupId":"trade-group","memberId":"binance-consumer-63d5e309-87ac-4580-a427-9d25045de5cb","leaderId":"binance-consumer-63d5e309-87ac-4580-a427-9d25045de5cb","isLeader":true,"memberAssignment":{"binance-trades":[0,1]},"groupProtocol":"RoundRobinAssigner","duration":13}
{"level":"ERROR","timestamp":"2025-11-11T18:35:56.360Z","logger":"kafkajs","message":"[Connection] Response Heartbeat(key: 12, version: 3)","broker":"localhost:9092","clientId":"binance-consumer","error":"The group is rebalancing, so a rejoin is needed","correlationId":5442,"size":10}
{"level":"ERROR","timestamp":"2025-11-11T18:35:56.361Z","logger":"kafkajs","message":"[Connection] Response Heartbeat(key: 12, version: 3)","broker":"localhost:9092","clientId":"binance-consumer","error":"The group is rebalancing, so a rejoin is needed","correlationId":5443,"size":10}
{"level":"WARN","timestamp":"2025-11-11T18:35:56.361Z","logger":"kafkajs","message":"[Runner] The group is rebalancing, re-joining","groupId":"trade-group","memberId":"binance-consumer-63d5e309-87ac-4580-a427-9d25045de5cb","error":"The group is rebalancing, so a rejoin is needed"}
{"level":"INFO","timestamp":"2025-11-11T18:35:56.371Z","logger":"kafkajs","message":"[ConsumerGroup] Consumer has joined the group","groupId":"trade-group","memberId":"binance-consumer-63d5e309-87ac-4580-a427-9d25045de5cb","leaderId":"binance-consumer-63d5e309-87ac-4580-a427-9d25045de5cb","isLeader":true,"memberAssignment":{"binance-trades":[0,1,2]},"groupProtocol":"RoundRobinAssigner","duration":9}
{"level":"ERROR","timestamp":"2025-11-11T18:36:49.911Z","logger":"kafkajs","message":"[Connection] Response Heartbeat(key: 12, version: 3)","broker":"localhost:9092","clientId":"binance-consumer","error":"The group is rebalancing, so a rejoin is needed","correlationId":5459,"size":10}
{"level":"ERROR","timestamp":"2025-11-11T18:36:49.912Z","logger":"kafkajs","message":"[Connection] Response Heartbeat(key: 12, version: 3)","broker":"localhost:9092","clientId":"binance-consumer","error":"The group is rebalancing, so a rejoin is needed","correlationId":5460,"size":10}
{"level":"ERROR","timestamp":"2025-11-11T18:36:49.914Z","logger":"kafkajs","message":"[Connection] Response Heartbeat(key: 12, version: 3)","broker":"localhost:9092","clientId":"binance-consumer","error":"The group is rebalancing, so a rejoin is needed","correlationId":5461,"size":10}
{"level":"WARN","timestamp":"2025-11-11T18:36:49.916Z","logger":"kafkajs","message":"[Runner] The group is rebalancing, re-joining","groupId":"trade-group","memberId":"binance-consumer-63d5e309-87ac-4580-a427-9d25045de5cb","error":"The group is rebalancing, so a rejoin is needed"}
{"level":"INFO","timestamp":"2025-11-11T18:36:49.926Z","logger":"kafkajs","message":"[ConsumerGroup] Consumer has joined the group","groupId":"trade-group","memberId":"binance-consumer-63d5e309-87ac-4580-a427-9d25045de5cb","leaderId":"binance-consumer-63d5e309-87ac-4580-a427-9d25045de5cb","isLeader":true,"memberAssignment":{"binance-trades":[2]},"groupProtocol":"RoundRobinAssigner","duration":10}
{"level":"ERROR","timestamp":"2025-11-11T18:37:40.078Z","logger":"kafkajs","message":"[Connection] Response Heartbeat(key: 12, version: 3)","broker":"localhost:9092","clientId":"binance-consumer","error":"The group is rebalancing, so a rejoin is needed","correlationId":7264,"size":10}
{"level":"WARN","timestamp":"2025-11-11T18:37:40.080Z","logger":"kafkajs","message":"[Runner] The group is rebalancing, re-joining","groupId":"trade-group","memberId":"binance-consumer-63d5e309-87ac-4580-a427-9d25045de5cb","error":"The group is rebalancing, so a rejoin is needed"}
{"level":"INFO","timestamp":"2025-11-11T18:38:06.514Z","logger":"kafkajs","message":"[ConsumerGroup] Consumer has joined the group","groupId":"trade-group","memberId":"binance-consumer-63d5e309-87ac-4580-a427-9d25045de5cb","leaderId":"binance-consumer-63d5e309-87ac-4580-a427-9d25045de5cb","isLeader":true,"memberAssignment":{"binance-trades":[2]},"groupProtocol":"RoundRobinAssigner","duration":26433}
